<?xml version="1.0" encoding="UTF-8"?>
<testsuite name="CalculatorTest1" tests="1" skipped="0" failures="0" errors="0" timestamp="2021-10-13T06:32:16" hostname="P100B" time="0.022">
  <properties/>
  <testcase name="reidicare_la_putere()" classname="CalculatorTest1" time="0.022"/>
  <system-out><![CDATA[]]></system-out>
  <system-err><![CDATA[]]></system-err>
</testsuite>
