<?xml version="1.0" encoding="UTF-8"?>
<testsuite name="BasketTest" tests="1" skipped="0" failures="0" errors="0" timestamp="2022-02-15T13:01:19" hostname="P100B" time="0.026">
  <properties/>
  <testcase name="testBasket()" classname="BasketTest" time="0.026"/>
  <system-out><![CDATA[]]></system-out>
  <system-err><![CDATA[]]></system-err>
</testsuite>
